2025-03-17 14:25:02,927 [INFO] __main__: Запуск приложения AdsorpNET
2025-03-17 14:25:02,927 [INFO] __main__: Инициализация сервиса моделей
2025-03-17 14:25:02,927 [INFO] src.services.model_service: Инициализирован сервис моделей (устройство: cpu)
2025-03-17 14:25:02,937 [INFO] src.utils.storage.cache: Кэш предсказаний очищен
2025-03-17 14:25:02,937 [INFO] __main__: Кэш предсказаний очищен при инициализации
2025-03-17 14:25:07,657 [INFO] __main__: Запуск приложения AdsorpNET
2025-03-17 14:25:09,203 [INFO] __main__: Запуск приложения AdsorpNET
2025-03-17 14:25:09,220 [INFO] src.services.predictor_service: Сервис предсказаний инициализирован (устройство: cpu)
2025-03-17 14:25:10,264 [INFO] __main__: Запуск приложения AdsorpNET
2025-03-17 14:25:11,294 [INFO] __main__: Запуск приложения AdsorpNET
2025-03-17 14:25:12,060 [INFO] __main__: Запуск приложения AdsorpNET
2025-03-17 14:25:12,499 [INFO] __main__: Запуск приложения AdsorpNET
2025-03-17 14:25:17,030 [INFO] __main__: Запуск приложения AdsorpNET
2025-03-17 14:25:17,698 [INFO] __main__: Запуск приложения AdsorpNET
2025-03-17 14:25:19,867 [INFO] __main__: Запуск приложения AdsorpNET
2025-03-17 14:25:28,221 [INFO] __main__: Запуск приложения AdsorpNET
2025-03-17 14:25:30,189 [INFO] __main__: Запуск приложения AdsorpNET
2025-03-17 14:25:31,373 [INFO] __main__: Запуск приложения AdsorpNET
2025-03-17 14:25:31,405 [INFO] src.services.model_service: Загружен скейлер: C:\Users\safae\adsorb_mof\AdsorpNET\saved_scalers\scaler_binary_metals.pkl
2025-03-17 14:25:31,431 [INFO] src.services.model_service: Загружена PyTorch модель: C:\Users\safae\adsorb_mof\AdsorpNET\saved_models\dnn_metal_binary_classifier.pth
2025-03-17 14:25:31,434 [INFO] src.services.model_service: Загружен скейлер: C:\Users\safae\adsorb_mof\AdsorpNET\saved_scalers\scaler_major_metal.pkl
2025-03-17 14:25:31,436 [INFO] src.services.model_service: Загружен энкодер: C:\Users\safae\adsorb_mof\AdsorpNET\saved_scalers\label_encoder_major_metal.pkl
2025-03-17 14:25:31,448 [INFO] src.services.model_service: Загружена PyTorch модель: C:\Users\safae\adsorb_mof\AdsorpNET\saved_models\best_major_classifier_metal.pth
2025-03-17 14:25:31,449 [INFO] src.services.model_service: Загружен энкодер: C:\Users\safae\adsorb_mof\AdsorpNET\saved_scalers\label_encoder_major_metal.pkl
2025-03-17 14:25:31,454 [INFO] src.services.model_service: Загружен скейлер: C:\Users\safae\adsorb_mof\AdsorpNET\saved_scalers\scaler_ligand.pkl
2025-03-17 14:25:32,205 [INFO] src.services.model_service: Загружена XGBoost модель: C:\Users\safae\adsorb_mof\AdsorpNET\saved_models\xgb_ligand_classifier.json
2025-03-17 14:25:32,207 [INFO] src.services.model_service: Загружен энкодер: C:\Users\safae\adsorb_mof\AdsorpNET\saved_scalers\label_encoder_ligand.pkl
2025-03-17 14:25:32,215 [INFO] src.services.model_service: Загружен скейлер: C:\Users\safae\adsorb_mof\AdsorpNET\saved_scalers\scaler_solvent.pkl
2025-03-17 14:25:32,420 [INFO] src.services.model_service: Загружена XGBoost модель: C:\Users\safae\adsorb_mof\AdsorpNET\saved_models\xgb_solvent_classifier.json
2025-03-17 14:25:32,421 [INFO] src.services.model_service: Загружен энкодер: C:\Users\safae\adsorb_mof\AdsorpNET\saved_scalers\label_encoder_solvent.pkl
2025-03-17 14:25:32,430 [INFO] src.services.model_service: Загружен скейлер: C:\Users\safae\adsorb_mof\AdsorpNET\saved_scalers\scaler_salt_mass.pkl
2025-03-17 14:25:32,502 [INFO] src.services.model_service: Загружена XGBoost модель: C:\Users\safae\adsorb_mof\AdsorpNET\saved_models\xgb_mass_salt_classifier.json
2025-03-17 14:25:32,511 [INFO] src.services.model_service: Загружен скейлер: C:\Users\safae\adsorb_mof\AdsorpNET\saved_scalers\scaler_acid_mass.pkl
2025-03-17 14:25:32,590 [INFO] src.services.model_service: Загружена XGBoost модель: C:\Users\safae\adsorb_mof\AdsorpNET\saved_models\xgb_acid_mass_regressor.json
2025-03-17 14:25:32,600 [INFO] src.services.model_service: Загружен скейлер: C:\Users\safae\adsorb_mof\AdsorpNET\saved_scalers\scaler_Vsyn.pkl
2025-03-17 14:25:32,697 [INFO] src.services.model_service: Загружена XGBoost модель: C:\Users\safae\adsorb_mof\AdsorpNET\saved_models\model_xgb_V_syn_regressor.json
2025-03-17 14:25:32,706 [INFO] src.services.model_service: Загружен скейлер: C:\Users\safae\adsorb_mof\AdsorpNET\saved_scalers\scaler_Tsyn.pkl
2025-03-17 14:25:32,712 [INFO] src.services.model_service: Загружен энкодер: C:\Users\safae\adsorb_mof\AdsorpNET\saved_scalers\label_encoder_Tsyn.pkl
2025-03-17 14:25:32,723 [INFO] src.services.model_service: Загружена PyTorch модель: C:\Users\safae\adsorb_mof\AdsorpNET\saved_models\model_Tsyn.pth
2025-03-17 14:25:32,723 [INFO] src.services.model_service: Загружен энкодер: C:\Users\safae\adsorb_mof\AdsorpNET\saved_scalers\label_encoder_Tsyn.pkl
2025-03-17 14:25:32,734 [INFO] src.services.model_service: Загружен скейлер: C:\Users\safae\adsorb_mof\AdsorpNET\saved_scalers\scaler_Tdry.pkl
2025-03-17 14:25:32,740 [INFO] src.services.model_service: Загружен энкодер: C:\Users\safae\adsorb_mof\AdsorpNET\saved_scalers\label_encoder_Tdry.pkl
2025-03-17 14:25:32,750 [INFO] src.services.model_service: Загружена PyTorch модель: C:\Users\safae\adsorb_mof\AdsorpNET\saved_models\model_Tdry.pth
2025-03-17 14:25:32,750 [INFO] src.services.model_service: Загружен энкодер: C:\Users\safae\adsorb_mof\AdsorpNET\saved_scalers\label_encoder_Tdry.pkl
2025-03-17 14:25:32,760 [INFO] src.services.model_service: Загружен скейлер: C:\Users\safae\adsorb_mof\AdsorpNET\saved_scalers\scaler_Treg.pkl
2025-03-17 14:25:32,766 [INFO] src.services.model_service: Загружен энкодер: C:\Users\safae\adsorb_mof\AdsorpNET\saved_scalers\label_encoder_Treg.pkl
2025-03-17 14:25:32,776 [INFO] src.services.model_service: Загружена PyTorch модель: C:\Users\safae\adsorb_mof\AdsorpNET\saved_models\model_Treg.pth
2025-03-17 14:25:32,777 [INFO] src.services.model_service: Загружен энкодер: C:\Users\safae\adsorb_mof\AdsorpNET\saved_scalers\label_encoder_Treg.pkl
2025-03-17 14:25:52,528 [INFO] __main__: Запуск приложения AdsorpNET
2025-03-17 14:25:54,329 [INFO] __main__: Запуск приложения AdsorpNET
2025-03-17 14:26:06,084 [INFO] __main__: Запуск приложения AdsorpNET
2025-03-17 14:26:07,783 [INFO] __main__: Запуск приложения AdsorpNET
2025-03-17 14:26:28,994 [INFO] __main__: Запуск приложения AdsorpNET
2025-03-17 14:27:28,628 [INFO] __main__: Запуск приложения AdsorpNET
2025-03-17 14:27:58,056 [INFO] __main__: Запуск приложения AdsorpNET
2025-03-17 14:28:05,405 [INFO] __main__: Запуск приложения AdsorpNET
2025-03-17 15:20:50,413 [INFO] __main__: Запуск приложения AdsorpNET
2025-03-17 15:20:50,418 [INFO] __main__: Инициализация сервиса моделей
2025-03-17 15:20:50,418 [INFO] src.services.model_service: Инициализирован сервис моделей (устройство: cpu)
2025-03-17 15:20:50,418 [INFO] src.utils.storage.cache: Кэш предсказаний очищен
2025-03-17 15:20:50,419 [INFO] __main__: Кэш предсказаний очищен при инициализации
2025-03-17 15:22:15,768 [INFO] __main__: Запуск приложения AdsorpNET
2025-03-17 15:22:15,772 [INFO] src.services.model_service: Инициализирован сервис моделей (устройство: cpu)
2025-03-17 15:22:15,772 [INFO] src.services.predictor_service: Сервис предсказаний инициализирован (устройство: cpu)
2025-03-17 15:23:47,044 [INFO] __main__: Запуск приложения AdsorpNET
2025-03-17 15:23:47,045 [INFO] __main__: Инициализация сервиса моделей
2025-03-17 15:23:47,045 [INFO] src.services.model_service: Инициализирован сервис моделей (устройство: cpu)
2025-03-17 15:23:47,046 [INFO] src.utils.storage.cache: Кэш предсказаний очищен
2025-03-17 15:23:47,046 [INFO] __main__: Кэш предсказаний очищен при инициализации
2025-03-17 15:23:49,629 [INFO] __main__: Запуск приложения AdsorpNET
2025-03-17 15:24:10,853 [INFO] __main__: Запуск приложения AdsorpNET
2025-03-17 15:24:10,864 [INFO] src.services.predictor_service: Сервис предсказаний инициализирован (устройство: cpu)
2025-03-17 15:25:10,640 [INFO] __main__: Запуск приложения AdsorpNET
2025-03-17 15:25:11,252 [INFO] __main__: Запуск приложения AdsorpNET
2025-03-17 15:25:27,354 [INFO] __main__: Запуск приложения AdsorpNET
2025-03-17 15:25:27,355 [INFO] __main__: Инициализация сервиса моделей
2025-03-17 15:25:27,357 [INFO] src.services.model_service: Инициализирован сервис моделей (устройство: cpu)
2025-03-17 15:25:27,358 [INFO] src.utils.storage.cache: Кэш предсказаний очищен
2025-03-17 15:25:27,358 [INFO] __main__: Кэш предсказаний очищен при инициализации
2025-03-17 15:25:28,652 [INFO] __main__: Запуск приложения AdsorpNET
2025-03-17 15:25:29,266 [INFO] __main__: Запуск приложения AdsorpNET
2025-03-17 15:25:29,274 [INFO] src.services.predictor_service: Сервис предсказаний инициализирован (устройство: cpu)
2025-03-17 15:26:42,352 [INFO] __main__: Запуск приложения AdsorpNET
2025-03-17 15:26:42,353 [INFO] __main__: Инициализация сервиса моделей
2025-03-17 15:26:42,354 [INFO] src.utils.storage.cache: Кэш предсказаний очищен
2025-03-17 15:26:42,354 [INFO] __main__: Кэш предсказаний очищен при инициализации
2025-03-17 15:26:43,211 [INFO] __main__: Запуск приложения AdsorpNET
2025-03-17 15:26:43,223 [INFO] src.services.predictor_service: Сервис предсказаний инициализирован (устройство: cpu)
2025-03-17 15:27:26,289 [INFO] __main__: Запуск приложения AdsorpNET
2025-03-17 15:27:33,048 [INFO] __main__: Запуск приложения AdsorpNET
2025-03-17 15:28:22,610 [INFO] __main__: Запуск приложения AdsorpNET
2025-03-17 15:28:22,840 [INFO] __main__: Запуск приложения AdsorpNET
2025-03-17 15:28:23,276 [INFO] __main__: Запуск приложения AdsorpNET
2025-03-17 15:28:24,411 [INFO] __main__: Запуск приложения AdsorpNET
2025-03-17 15:28:28,475 [INFO] __main__: Запуск приложения AdsorpNET
2025-03-17 15:28:28,951 [INFO] __main__: Запуск приложения AdsorpNET
2025-03-17 15:28:29,224 [INFO] __main__: Запуск приложения AdsorpNET
2025-03-17 15:29:07,376 [INFO] __main__: Запуск приложения AdsorpNET
2025-03-17 15:29:08,781 [INFO] __main__: Запуск приложения AdsorpNET
2025-03-17 15:29:10,548 [INFO] __main__: Запуск приложения AdsorpNET
2025-03-17 15:29:13,220 [INFO] __main__: Запуск приложения AdsorpNET
2025-03-17 15:29:14,344 [INFO] __main__: Запуск приложения AdsorpNET
2025-03-17 15:31:47,585 [INFO] __main__: Запуск приложения AdsorpNET
2025-03-17 15:31:47,585 [INFO] __main__: Инициализация сервиса моделей
2025-03-17 15:31:47,586 [INFO] src.services.model_service: Инициализирован сервис моделей (устройство: cpu)
2025-03-17 15:31:47,586 [INFO] src.utils.storage.cache: Кэш предсказаний очищен
2025-03-17 15:31:47,587 [INFO] __main__: Кэш предсказаний очищен при инициализации
2025-03-17 15:31:59,420 [INFO] __main__: Запуск приложения AdsorpNET
2025-03-17 15:32:12,396 [INFO] __main__: Запуск приложения AdsorpNET
2025-03-17 15:32:12,413 [INFO] src.services.predictor_service: Сервис предсказаний инициализирован (устройство: cpu)
2025-03-17 15:32:13,287 [INFO] __main__: Запуск приложения AdsorpNET
2025-03-17 15:32:14,908 [INFO] __main__: Запуск приложения AdsorpNET
2025-03-17 15:32:19,454 [INFO] __main__: Запуск приложения AdsorpNET
2025-03-17 15:32:33,543 [INFO] __main__: Запуск приложения AdsorpNET
2025-03-17 15:32:35,696 [INFO] __main__: Запуск приложения AdsorpNET
2025-03-17 15:32:36,165 [INFO] __main__: Запуск приложения AdsorpNET
2025-03-17 15:32:39,247 [INFO] __main__: Запуск приложения AdsorpNET
2025-03-17 15:32:51,007 [INFO] __main__: Запуск приложения AdsorpNET
2025-03-17 15:32:58,555 [INFO] __main__: Запуск приложения AdsorpNET
2025-03-17 15:33:10,557 [INFO] __main__: Запуск приложения AdsorpNET
2025-03-17 15:33:13,286 [INFO] __main__: Запуск приложения AdsorpNET
2025-03-17 15:33:35,290 [INFO] __main__: Запуск приложения AdsorpNET
2025-03-17 15:33:55,209 [INFO] __main__: Запуск приложения AdsorpNET
2025-03-17 15:33:58,818 [INFO] __main__: Запуск приложения AdsorpNET
2025-03-17 15:34:04,147 [INFO] __main__: Запуск приложения AdsorpNET
2025-03-17 15:42:14,817 [INFO] __main__: Запуск приложения AdsorpNET
2025-03-17 15:43:28,974 [INFO] __main__: Запуск приложения AdsorpNET
2025-03-17 15:45:08,452 [INFO] __main__: Запуск приложения AdsorpNET
2025-03-17 15:45:08,455 [INFO] __main__: Инициализация сервиса моделей
2025-03-17 15:45:08,455 [INFO] src.services.model_service: Инициализирован сервис моделей (устройство: cpu)
2025-03-17 15:45:08,456 [INFO] src.utils.storage.cache: Кэш предсказаний очищен
2025-03-17 15:45:08,456 [INFO] __main__: Кэш предсказаний очищен при инициализации
2025-03-17 15:45:09,264 [INFO] __main__: Запуск приложения AdsorpNET
2025-03-17 15:47:11,458 [INFO] __main__: Запуск приложения AdsorpNET
2025-03-17 15:47:12,860 [INFO] __main__: Запуск приложения AdsorpNET
2025-03-17 15:47:17,974 [INFO] __main__: Запуск приложения AdsorpNET
2025-03-17 15:47:19,481 [INFO] __main__: Запуск приложения AdsorpNET
2025-03-17 18:07:02,054 [INFO] __main__: Запуск приложения AdsorpNET
2025-03-17 18:07:02,056 [INFO] __main__: Инициализация сервиса моделей
2025-03-17 18:07:02,057 [INFO] src.utils.storage.cache: Кэш предсказаний очищен
2025-03-17 18:07:02,057 [INFO] __main__: Кэш предсказаний очищен при инициализации
2025-03-17 18:07:03,655 [INFO] __main__: Запуск приложения AdsorpNET
2025-03-17 18:07:03,674 [INFO] src.services.predictor_service: Сервис предсказаний инициализирован (устройство: cpu)
2025-03-17 18:23:20,002 [INFO] __main__: Запуск приложения AdsorpNET
2025-03-17 18:23:20,389 [INFO] __main__: Запуск приложения AdsorpNET
2025-03-17 18:23:22,316 [INFO] __main__: Запуск приложения AdsorpNET
2025-03-17 18:44:45,736 [INFO] __main__: Запуск приложения AdsorpNET
2025-03-17 18:44:46,073 [INFO] __main__: Запуск приложения AdsorpNET
2025-03-17 18:44:46,549 [INFO] __main__: Запуск приложения AdsorpNET
2025-03-17 18:44:47,150 [INFO] __main__: Запуск приложения AdsorpNET
2025-03-17 18:44:47,523 [INFO] __main__: Запуск приложения AdsorpNET
2025-03-17 18:44:47,938 [INFO] __main__: Запуск приложения AdsorpNET
2025-03-17 18:44:48,218 [INFO] __main__: Запуск приложения AdsorpNET
2025-03-17 18:44:48,594 [INFO] __main__: Запуск приложения AdsorpNET
2025-03-17 18:45:02,223 [INFO] __main__: Запуск приложения AdsorpNET
2025-03-17 18:45:02,946 [INFO] __main__: Запуск приложения AdsorpNET
2025-03-17 18:45:03,459 [INFO] __main__: Запуск приложения AdsorpNET
2025-03-17 18:45:04,024 [INFO] __main__: Запуск приложения AdsorpNET
2025-03-17 18:45:04,728 [INFO] __main__: Запуск приложения AdsorpNET
2025-03-17 18:45:05,110 [INFO] __main__: Запуск приложения AdsorpNET
2025-03-17 18:45:05,629 [INFO] __main__: Запуск приложения AdsorpNET
2025-03-17 18:45:06,032 [INFO] __main__: Запуск приложения AdsorpNET
2025-03-17 18:45:06,365 [INFO] __main__: Запуск приложения AdsorpNET
2025-03-17 18:45:34,393 [INFO] __main__: Запуск приложения AdsorpNET
2025-03-17 18:45:44,949 [INFO] __main__: Запуск приложения AdsorpNET
2025-03-17 18:51:26,577 [INFO] __main__: Запуск приложения AdsorpNET
2025-03-17 18:51:26,577 [INFO] __main__: Инициализация сервиса моделей
2025-03-17 18:51:26,577 [INFO] src.services.model_service: Инициализирован сервис моделей (устройство: cpu)
2025-03-17 18:51:26,577 [INFO] src.utils.storage.cache: Кэш предсказаний очищен
2025-03-17 18:51:26,577 [INFO] __main__: Кэш предсказаний очищен при инициализации
2025-03-17 18:51:35,143 [INFO] __main__: Запуск приложения AdsorpNET
2025-03-17 18:51:35,638 [INFO] __main__: Запуск приложения AdsorpNET
2025-03-17 18:51:35,677 [INFO] src.services.predictor_service: Сервис предсказаний инициализирован (устройство: cpu)
2025-03-17 18:51:36,205 [INFO] __main__: Запуск приложения AdsorpNET
2025-03-17 18:51:42,292 [INFO] __main__: Запуск приложения AdsorpNET
2025-03-17 18:51:43,423 [INFO] __main__: Запуск приложения AdsorpNET
2025-03-17 18:51:53,382 [INFO] __main__: Запуск приложения AdsorpNET
2025-03-17 18:51:53,860 [INFO] __main__: Запуск приложения AdsorpNET
2025-03-17 18:51:54,268 [INFO] __main__: Запуск приложения AdsorpNET
2025-03-17 18:52:09,357 [INFO] __main__: Запуск приложения AdsorpNET
2025-03-17 18:52:11,882 [INFO] __main__: Запуск приложения AdsorpNET
2025-03-17 18:52:12,416 [INFO] __main__: Запуск приложения AdsorpNET
